\BOOKMARK [0][-]{chapter*.1}{Acknowledgments}{}% 1
\BOOKMARK [0][-]{chapter*.2}{Resumo}{}% 2
\BOOKMARK [0][-]{chapter*.3}{Abstract}{}% 3
\BOOKMARK [0][-]{section*.4}{List of Figures}{}% 4
\BOOKMARK [0][-]{section*.5}{List of Tables}{}% 5
\BOOKMARK [0][-]{chapter.1}{1 Introduction}{}% 6
\BOOKMARK [0][-]{chapter.2}{2 Related Work}{}% 7
\BOOKMARK [0][-]{chapter.3}{3 Named Entity Recognition Models}{}% 8
\BOOKMARK [1][-]{section.3.1}{3.1 Hidden Markov Models}{chapter.3}% 9
\BOOKMARK [2][-]{subsection.3.1.1}{3.1.1 Self training}{section.3.1}% 10
\BOOKMARK [1][-]{section.3.2}{3.2 Linear Chain Conditional Random Fields}{chapter.3}% 11
\BOOKMARK [1][-]{section.3.3}{3.3 Neural Network Architectures}{chapter.3}% 12
\BOOKMARK [2][-]{subsection.3.3.1}{3.3.1 BI-LSTM-CRF}{section.3.3}% 13
\BOOKMARK [2][-]{subsection.3.3.2}{3.3.2 CNN character representations}{section.3.3}% 14
\BOOKMARK [2][-]{subsection.3.3.3}{3.3.3 LSTM character representations}{section.3.3}% 15
\BOOKMARK [2][-]{subsection.3.3.4}{3.3.4 Network training}{section.3.3}% 16
\BOOKMARK [0][-]{chapter.4}{4 NER on HTML Dataset}{}% 17
\BOOKMARK [1][-]{section.4.1}{4.1 Data}{chapter.4}% 18
\BOOKMARK [1][-]{section.4.2}{4.2 Features}{chapter.4}% 19
\BOOKMARK [0][-]{chapter.5}{5 Experiments}{}% 20
\BOOKMARK [1][-]{section.5.1}{5.1 Experiment 1: No features}{chapter.5}% 21
\BOOKMARK [1][-]{section.5.2}{5.2 Experiment 2: All features}{chapter.5}% 22
\BOOKMARK [0][-]{chapter.6}{6 Conclusion}{}% 23
\BOOKMARK [0][-]{section*.7}{Bibliography}{}% 24
