root@77b22e87d5c3:/code# python run.py train -j configs/test_139.json
===Model parameters===
{
    "batch_size": 1,
    "best_f1": 0,
    "char_representation": "none",
    "current_epoch": 0,
    "datadir": "data/ner_on_html",
    "dataset_mode": "batch",
    "decoder": "logits",
    "epochs": 20,
    "loss": "f1",
    "model": "lstm_crf",
    "use_features": false,
    "word_embeddings": "glove"
}
epochs	current_epoch	best_f1	datadir	dataset_mode	batch_size	word_embeddings	char_representation	model	use_features	decoder	loss
20	0	0	data/ner_on_html	batch	1	glove	none	lstm_crf	False	logits	f1
===Model parameters===
{
    "batch_size": 1,
    "best_f1": 0,
    "char_representation": "none",
    "current_epoch": 0,
    "datadir": "data/ner_on_html",
    "dataset_mode": "batch",
    "decoder": "logits",
    "epochs": 20,
    "loss": "f1",
    "model": "lstm_crf",
    "use_features": false,
    "word_embeddings": "glove"
}
epochs	current_epoch	best_f1	datadir	dataset_mode	batch_size	word_embeddings	char_representation	model	use_features	decoder	loss
20	0	0	data/ner_on_html	batch	1	glove	none	lstm_crf	False	logits	f1
Loss: -0.0049, Acc: 0.9913, Time: 19.7129, Step: 50
Loss: -0.7450, Acc: 0.9740, Time: 33.7488, Step: 100
Loss: -0.4728, Acc: 0.9021, Time: 48.8018, Step: 150
Loss: -0.0012, Acc: 0.9328, Time: 64.6601, Step: 200
Loss: -0.6714, Acc: 0.9677, Time: 81.1432, Step: 250
Loss: -0.5414, Acc: 0.9655, Time: 97.9747, Step: 300
Loss: -0.6576, Acc: 0.9231, Time: 112.0258, Step: 350
Loss: -0.8000, Acc: 1.0000, Time: 129.7459, Step: 400
Loss: -0.8305, Acc: 1.0000, Time: 147.6970, Step: 450
Loss: -0.6177, Acc: 0.9300, Time: 162.9407, Step: 500
Loss: -0.3924, Acc: 0.9827, Time: 178.9566, Step: 550
Loss: -0.4542, Acc: 0.9444, Time: 194.3590, Step: 600
Loss: -0.3348, Acc: 0.9631, Time: 211.9622, Step: 650
Loss: -0.7084, Acc: 1.0000, Time: 229.0363, Step: 700
Loss: -0.8032, Acc: 0.9888, Time: 246.8067, Step: 750
Loss: -0.8246, Acc: 1.0000, Time: 263.5520, Step: 800
Loss: -0.6842, Acc: 0.9111, Time: 276.4012, Step: 841
train - Epoch 0, Precision: 0.4601, Recall: 0.5117, F1: 0.4845
Loss: -0.7939, Acc: 0.9941, Time: 2.5810, Step: 50
Loss: -0.7225, Acc: 0.9921, Time: 4.4913, Step: 100
Loss: -0.9978, Acc: 1.0000, Time: 5.8128, Step: 150
Loss: -0.8191, Acc: 1.0000, Time: 7.2239, Step: 200
Loss: -0.7957, Acc: 0.9855, Time: 8.6052, Step: 250
Loss: -0.9950, Acc: 1.0000, Time: 10.0008, Step: 300
Loss: -0.8187, Acc: 1.0000, Time: 11.4668, Step: 350
Loss: -0.0644, Acc: 1.0000, Time: 11.4815, Step: 352
test - Epoch 0, Precision: 0.6346, Recall: 0.7003, F1: 0.6659
Loss: -0.7915, Acc: 1.0000, Time: 2.1126, Step: 50
Loss: -0.7755, Acc: 0.9784, Time: 3.9610, Step: 100
Loss: -0.8059, Acc: 0.9929, Time: 5.2632, Step: 150
Loss: -0.8041, Acc: 0.9554, Time: 7.1112, Step: 200
Loss: -0.2668, Acc: 0.9048, Time: 8.1357, Step: 250
Loss: -0.9937, Acc: 1.0000, Time: 9.5760, Step: 300
valid - Epoch 0, Precision: 0.7088, Recall: 0.8440, F1: 0.7705
Model saved in path: ./checkpoints/model.ckpt
Loss: -0.7596, Acc: 0.9828, Time: 18.2422, Step: 50
Loss: -0.7073, Acc: 0.9882, Time: 32.4815, Step: 100
Loss: -0.6308, Acc: 0.7767, Time: 47.9506, Step: 150
Loss: -0.7167, Acc: 0.9672, Time: 63.4612, Step: 200
Loss: -0.7567, Acc: 0.9762, Time: 81.3041, Step: 250
Loss: -0.8103, Acc: 1.0000, Time: 99.6971, Step: 300
Loss: -0.7917, Acc: 0.9844, Time: 115.8893, Step: 350
Loss: -0.9959, Acc: 1.0000, Time: 129.4089, Step: 400
Loss: -0.5896, Acc: 0.9627, Time: 144.1949, Step: 450
Loss: -0.7973, Acc: 0.9714, Time: 158.8094, Step: 500
Loss: -0.0014, Acc: 0.9135, Time: 174.5529, Step: 550
Loss: -0.4884, Acc: 0.9641, Time: 190.1167, Step: 600
Loss: -0.8324, Acc: 1.0000, Time: 206.1811, Step: 650
Loss: -0.0170, Acc: 0.9787, Time: 224.0867, Step: 700
Loss: -0.8320, Acc: 1.0000, Time: 237.9602, Step: 750
Loss: -0.6472, Acc: 0.9381, Time: 254.1690, Step: 800
Loss: -0.8179, Acc: 0.9940, Time: 268.2955, Step: 841
train - Epoch 1, Precision: 0.6572, Recall: 0.7132, F1: 0.6840
Loss: -0.7976, Acc: 0.9941, Time: 2.4719, Step: 50
Loss: -0.6895, Acc: 0.9841, Time: 4.3891, Step: 100
Loss: -0.9999, Acc: 1.0000, Time: 5.7269, Step: 150
Loss: -0.8306, Acc: 1.0000, Time: 7.1277, Step: 200
Loss: -0.7989, Acc: 0.9855, Time: 8.4795, Step: 250
Loss: -0.9987, Acc: 1.0000, Time: 9.8826, Step: 300
Loss: -0.8884, Acc: 1.0000, Time: 11.3469, Step: 350
Loss: -0.7348, Acc: 1.0000, Time: 11.3618, Step: 352
test - Epoch 1, Precision: 0.7236, Recall: 0.7510, F1: 0.7371
Loss: -0.8332, Acc: 1.0000, Time: 1.9629, Step: 50
Loss: -0.7985, Acc: 0.9856, Time: 3.6887, Step: 100
Loss: -0.7928, Acc: 0.9858, Time: 5.0502, Step: 150
Loss: -0.8201, Acc: 0.9821, Time: 6.8365, Step: 200
Loss: -0.2649, Acc: 0.9048, Time: 7.8695, Step: 250
Loss: -0.9974, Acc: 1.0000, Time: 9.2843, Step: 300
valid - Epoch 1, Precision: 0.7478, Recall: 0.8523, F1: 0.7967
Model saved in path: ./checkpoints/model.ckpt
Loss: -0.0007, Acc: 0.8085, Time: 20.7191, Step: 50
Loss: -0.7407, Acc: 0.9465, Time: 36.2465, Step: 100
Loss: -0.7902, Acc: 0.9744, Time: 54.0504, Step: 150
Loss: -0.5559, Acc: 0.8062, Time: 67.7181, Step: 200
Loss: -0.7720, Acc: 0.9709, Time: 84.6311, Step: 250
Loss: -0.6843, Acc: 0.9412, Time: 99.7084, Step: 300
Loss: -0.8126, Acc: 0.9936, Time: 115.2098, Step: 350
Loss: -0.9996, Acc: 1.0000, Time: 129.3975, Step: 400
Loss: -0.8078, Acc: 0.9858, Time: 146.0248, Step: 450
Loss: -0.0016, Acc: 0.9441, Time: 161.0251, Step: 500
Loss: -0.7990, Acc: 0.9909, Time: 176.7713, Step: 550
Loss: -0.7799, Acc: 0.9900, Time: 192.7302, Step: 600
Loss: -0.4579, Acc: 0.8862, Time: 210.8831, Step: 650
Loss: -0.8246, Acc: 1.0000, Time: 227.5403, Step: 700
Loss: -0.7249, Acc: 0.9769, Time: 244.4848, Step: 750
Loss: -0.8128, Acc: 0.9860, Time: 260.1813, Step: 800
Loss: -0.6033, Acc: 0.9697, Time: 272.6254, Step: 841
train - Epoch 2, Precision: 0.7114, Recall: 0.7647, F1: 0.7371
Loss: -0.8308, Acc: 1.0000, Time: 2.3175, Step: 50
Loss: -0.5713, Acc: 0.9762, Time: 4.2715, Step: 100
Loss: -1.0000, Acc: 1.0000, Time: 5.7003, Step: 150
Loss: -0.8312, Acc: 1.0000, Time: 7.1512, Step: 200
Loss: -0.7750, Acc: 0.9783, Time: 8.5745, Step: 250
Loss: -1.0000, Acc: 1.0000, Time: 10.0077, Step: 300
Loss: -0.8544, Acc: 1.0000, Time: 11.4933, Step: 350
Loss: -0.9824, Acc: 1.0000, Time: 11.5068, Step: 352
test - Epoch 2, Precision: 0.7310, Recall: 0.7356, F1: 0.7333
Loss: -0.8221, Acc: 1.0000, Time: 2.0810, Step: 50
Loss: -0.8127, Acc: 1.0000, Time: 3.8311, Step: 100
Loss: -0.7587, Acc: 0.9823, Time: 5.0624, Step: 150
Loss: -0.8214, Acc: 0.9821, Time: 6.8225, Step: 200
Loss: -0.3367, Acc: 0.9238, Time: 7.8685, Step: 250
Loss: -1.0000, Acc: 1.0000, Time: 9.3052, Step: 300
valid - Epoch 2, Precision: 0.7516, Recall: 0.8345, F1: 0.7909
Loss: -0.7070, Acc: 0.9808, Time: 20.0799, Step: 50
Loss: -0.6991, Acc: 0.9375, Time: 34.0767, Step: 100
Loss: -0.8334, Acc: 1.0000, Time: 50.7083, Step: 150
Loss: -0.8036, Acc: 0.9820, Time: 65.9250, Step: 200
Loss: -0.7216, Acc: 0.9638, Time: 79.1264, Step: 250
Loss: -0.8334, Acc: 1.0000, Time: 93.4540, Step: 300
Loss: -0.6371, Acc: 0.9038, Time: 109.7270, Step: 350
Loss: -0.8322, Acc: 1.0000, Time: 123.9752, Step: 400
Loss: -0.7557, Acc: 0.9805, Time: 140.3494, Step: 450
Loss: -0.8317, Acc: 1.0000, Time: 156.9867, Step: 500
Loss: -0.7728, Acc: 0.9740, Time: 174.8257, Step: 550
Loss: -0.8334, Acc: 1.0000, Time: 191.5831, Step: 600
Loss: -0.6459, Acc: 0.9385, Time: 209.9356, Step: 650
Loss: -0.7456, Acc: 0.9906, Time: 224.2916, Step: 700
Loss: -0.8315, Acc: 1.0000, Time: 242.5352, Step: 750
Loss: -0.7907, Acc: 0.9922, Time: 259.0794, Step: 800
Loss: -0.0010, Acc: 0.8974, Time: 273.8234, Step: 841
train - Epoch 3, Precision: 0.7450, Recall: 0.8057, F1: 0.7742
Loss: -0.8331, Acc: 1.0000, Time: 2.2954, Step: 50
Loss: -0.5576, Acc: 0.9762, Time: 4.2766, Step: 100
Loss: -1.0000, Acc: 1.0000, Time: 5.6362, Step: 150
Loss: -0.7564, Acc: 0.9823, Time: 7.0365, Step: 200
Loss: -0.7771, Acc: 0.9710, Time: 8.3799, Step: 250
Loss: -1.0000, Acc: 1.0000, Time: 9.8626, Step: 300
Loss: -0.9161, Acc: 1.0000, Time: 11.4127, Step: 350
Loss: -0.9261, Acc: 1.0000, Time: 11.4264, Step: 352
test - Epoch 3, Precision: 0.7204, Recall: 0.7040, F1: 0.7121
Loss: -0.8333, Acc: 1.0000, Time: 2.1853, Step: 50
Loss: -0.7811, Acc: 0.9784, Time: 3.8939, Step: 100
Loss: -0.7443, Acc: 0.9787, Time: 5.1542, Step: 150
Loss: -0.8142, Acc: 0.9643, Time: 6.8967, Step: 200
Loss: -0.3716, Acc: 0.9429, Time: 7.9652, Step: 250
Loss: -1.0000, Acc: 1.0000, Time: 9.4289, Step: 300
valid - Epoch 3, Precision: 0.7464, Recall: 0.8115, F1: 0.7776
Loss: -0.8323, Acc: 1.0000, Time: 18.9099, Step: 50
Loss: -0.7306, Acc: 0.9500, Time: 32.5663, Step: 100
Loss: -0.7911, Acc: 0.9933, Time: 48.0479, Step: 150
Loss: -0.7454, Acc: 0.9748, Time: 63.8276, Step: 200
Loss: -0.7407, Acc: 0.9691, Time: 79.3553, Step: 250
Loss: -0.8132, Acc: 0.9833, Time: 95.3527, Step: 300
Loss: -0.7762, Acc: 0.9861, Time: 110.8507, Step: 350
Loss: -0.8321, Acc: 1.0000, Time: 125.6579, Step: 400
Loss: -0.6425, Acc: 0.9370, Time: 139.4594, Step: 450
Loss: -0.8005, Acc: 0.9912, Time: 152.9844, Step: 500
Loss: -0.8279, Acc: 0.9971, Time: 167.2772, Step: 550
Loss: -0.8066, Acc: 0.9890, Time: 188.0664, Step: 600
Loss: -0.8144, Acc: 0.9856, Time: 202.4023, Step: 650
Loss: -0.7346, Acc: 0.9695, Time: 218.4704, Step: 700
Loss: -0.8328, Acc: 1.0000, Time: 232.7950, Step: 750
Loss: -0.8333, Acc: 1.0000, Time: 248.7363, Step: 800
Loss: -0.7576, Acc: 0.9868, Time: 260.9899, Step: 841
train - Epoch 4, Precision: 0.7682, Recall: 0.8123, F1: 0.7896
Loss: -0.7768, Acc: 0.9882, Time: 2.3356, Step: 50
Loss: -0.7454, Acc: 0.9921, Time: 4.3387, Step: 100
Loss: -1.0000, Acc: 1.0000, Time: 5.7494, Step: 150
Loss: -0.8331, Acc: 1.0000, Time: 7.1744, Step: 200
Loss: -0.8315, Acc: 1.0000, Time: 8.5348, Step: 250
Loss: -1.0000, Acc: 1.0000, Time: 9.9390, Step: 300
Loss: -0.0358, Acc: 1.0000, Time: 11.3849, Step: 350
Loss: -0.9833, Acc: 1.0000, Time: 11.3980, Step: 352
test - Epoch 4, Precision: 0.7736, Recall: 0.8079, F1: 0.7904
Loss: -0.8306, Acc: 1.0000, Time: 2.0716, Step: 50
Loss: -0.7806, Acc: 0.9784, Time: 3.7949, Step: 100
Loss: -0.7922, Acc: 0.9894, Time: 5.0021, Step: 150
Loss: -0.8217, Acc: 0.9821, Time: 6.7810, Step: 200
Loss: -0.2889, Acc: 0.9238, Time: 7.7922, Step: 250
Loss: -1.0000, Acc: 1.0000, Time: 9.2543, Step: 300
valid - Epoch 4, Precision: 0.7841, Recall: 0.8960, F1: 0.8363
Model saved in path: ./checkpoints/model.ckpt
Loss: -0.7756, Acc: 0.9733, Time: 18.5021, Step: 50
Loss: -0.8102, Acc: 0.9859, Time: 34.0978, Step: 100
Loss: -0.9792, Acc: 1.0000, Time: 52.5271, Step: 150
Loss: -0.7879, Acc: 0.9918, Time: 67.4834, Step: 200
Loss: -0.0005, Acc: 0.7553, Time: 83.8540, Step: 250
Loss: -0.8209, Acc: 1.0000, Time: 99.6564, Step: 300
Loss: -0.8059, Acc: 0.9894, Time: 116.0863, Step: 350
Loss: -0.8077, Acc: 0.9777, Time: 131.9485, Step: 400
Loss: -0.8076, Acc: 0.9830, Time: 146.4855, Step: 450
Loss: -0.0013, Acc: 0.9187, Time: 162.7371, Step: 500
Loss: -0.7976, Acc: 0.9822, Time: 178.7251, Step: 550
Loss: -0.8316, Acc: 1.0000, Time: 195.7702, Step: 600
Loss: -0.7353, Acc: 0.8938, Time: 209.7417, Step: 650
Loss: -0.8054, Acc: 1.0000, Time: 226.3566, Step: 700
Loss: -0.7505, Acc: 0.9654, Time: 244.1125, Step: 750
Loss: -0.0379, Acc: 0.9759, Time: 260.3742, Step: 800
Loss: -0.7957, Acc: 0.9905, Time: 271.7530, Step: 841
train - Epoch 5, Precision: 0.7769, Recall: 0.8373, F1: 0.8060
Loss: -0.7756, Acc: 0.9882, Time: 2.3035, Step: 50
Loss: -0.5787, Acc: 0.9762, Time: 4.2250, Step: 100
Loss: -1.0000, Acc: 1.0000, Time: 5.5496, Step: 150
Loss: -0.8335, Acc: 1.0000, Time: 6.9491, Step: 200
Loss: -0.8324, Acc: 1.0000, Time: 8.2740, Step: 250
Loss: -1.0000, Acc: 1.0000, Time: 9.7553, Step: 300
Loss: -0.8223, Acc: 1.0000, Time: 11.3967, Step: 350
Loss: -0.9681, Acc: 1.0000, Time: 11.4096, Step: 352
test - Epoch 5, Precision: 0.7829, Recall: 0.8065, F1: 0.7945
Loss: -0.8328, Acc: 1.0000, Time: 2.0812, Step: 50
Loss: -0.8024, Acc: 0.9928, Time: 3.9173, Step: 100
Loss: -0.7930, Acc: 0.9894, Time: 5.1574, Step: 150
Loss: -0.8217, Acc: 0.9821, Time: 6.9014, Step: 200
Loss: -0.2940, Acc: 0.9143, Time: 7.9496, Step: 250
Loss: -1.0000, Acc: 1.0000, Time: 9.4012, Step: 300
valid - Epoch 5, Precision: 0.7925, Recall: 0.8949, F1: 0.8406
Model saved in path: ./checkpoints/model.ckpt
Loss: -0.8334, Acc: 1.0000, Time: 19.7127, Step: 50
Loss: -0.6915, Acc: 0.9255, Time: 34.2479, Step: 100
Loss: -0.8122, Acc: 0.9884, Time: 50.7049, Step: 150
Loss: -0.7963, Acc: 0.9927, Time: 65.3529, Step: 200
Loss: -0.8334, Acc: 1.0000, Time: 79.7570, Step: 250
Loss: -0.8184, Acc: 1.0000, Time: 96.3250, Step: 300
Loss: -0.7497, Acc: 0.9843, Time: 110.4577, Step: 350
Loss: -0.8137, Acc: 0.9919, Time: 126.8075, Step: 400
Loss: -0.8262, Acc: 0.9943, Time: 140.8619, Step: 450
Loss: -0.7153, Acc: 0.9963, Time: 155.6066, Step: 500
Loss: -0.7486, Acc: 0.9343, Time: 171.1639, Step: 550
Loss: -0.6885, Acc: 0.9435, Time: 186.3305, Step: 600
Loss: -0.8332, Acc: 1.0000, Time: 203.4558, Step: 650
Loss: -0.7643, Acc: 0.9679, Time: 220.4285, Step: 700
Loss: -0.8273, Acc: 1.0000, Time: 238.0288, Step: 750
Loss: -0.7959, Acc: 0.9828, Time: 254.9526, Step: 800
Loss: -1.0000, Acc: 1.0000, Time: 269.4809, Step: 841
train - Epoch 6, Precision: 0.7718, Recall: 0.8226, F1: 0.7964
Loss: -0.8099, Acc: 0.9941, Time: 2.3211, Step: 50
Loss: -0.5585, Acc: 0.9762, Time: 4.2541, Step: 100
Loss: -1.0000, Acc: 1.0000, Time: 5.5857, Step: 150
Loss: -0.8213, Acc: 1.0000, Time: 7.0296, Step: 200
Loss: -0.7869, Acc: 0.9783, Time: 8.3888, Step: 250
Loss: -1.0000, Acc: 1.0000, Time: 9.8146, Step: 300
Loss: -0.9258, Acc: 1.0000, Time: 11.2833, Step: 350
Loss: -0.9994, Acc: 1.0000, Time: 11.2957, Step: 352
test - Epoch 6, Precision: 0.7661, Recall: 0.7892, F1: 0.7775
Loss: -0.8001, Acc: 0.9962, Time: 1.9994, Step: 50
Loss: -0.7804, Acc: 0.9784, Time: 3.8378, Step: 100
Loss: -0.7707, Acc: 0.9858, Time: 5.0859, Step: 150
Loss: -0.8215, Acc: 0.9821, Time: 6.8838, Step: 200
Loss: -0.3208, Acc: 0.9333, Time: 7.9821, Step: 250
Loss: -1.0000, Acc: 1.0000, Time: 9.5289, Step: 300
valid - Epoch 6, Precision: 0.7700, Recall: 0.8742, F1: 0.8188
Loss: -0.8323, Acc: 1.0000, Time: 18.6931, Step: 50
Loss: -0.8337, Acc: 1.0000, Time: 34.0844, Step: 100
Loss: -0.7913, Acc: 0.9850, Time: 48.7271, Step: 150
Loss: -0.8333, Acc: 1.0000, Time: 63.4903, Step: 200
Loss: -0.8292, Acc: 1.0000, Time: 79.5165, Step: 250
Loss: -0.8266, Acc: 1.0000, Time: 94.1083, Step: 300
Loss: -0.7372, Acc: 0.9664, Time: 110.7538, Step: 350
Loss: -0.8297, Acc: 1.0000, Time: 125.4855, Step: 400
Loss: -0.7897, Acc: 0.9910, Time: 139.5471, Step: 450
Loss: -0.7977, Acc: 0.9823, Time: 157.5278, Step: 500
Loss: -0.8242, Acc: 1.0000, Time: 172.6462, Step: 550
Loss: -0.7413, Acc: 0.9826, Time: 191.1880, Step: 600
Loss: -0.6370, Acc: 0.9871, Time: 208.8454, Step: 650
Loss: -0.8335, Acc: 1.0000, Time: 228.6762, Step: 700
Loss: -0.8323, Acc: 1.0000, Time: 244.3509, Step: 750
Loss: -0.8325, Acc: 1.0000, Time: 261.6632, Step: 800
Loss: -0.8338, Acc: 1.0000, Time: 275.3184, Step: 841
train - Epoch 7, Precision: 0.7792, Recall: 0.8379, F1: 0.8075
Loss: -0.8333, Acc: 1.0000, Time: 2.4171, Step: 50
Loss: -0.5751, Acc: 0.9762, Time: 4.3165, Step: 100
Loss: -1.0000, Acc: 1.0000, Time: 5.6557, Step: 150
Loss: -0.7564, Acc: 0.9823, Time: 7.0661, Step: 200
Loss: -0.7991, Acc: 0.9855, Time: 8.4427, Step: 250
Loss: -1.0000, Acc: 1.0000, Time: 9.8506, Step: 300
Loss: -0.9998, Acc: 1.0000, Time: 11.3056, Step: 350
Loss: -1.0000, Acc: 1.0000, Time: 11.3195, Step: 352
test - Epoch 7, Precision: 0.7466, Recall: 0.7543, F1: 0.7505
Loss: -0.8321, Acc: 1.0000, Time: 1.9563, Step: 50
Loss: -0.7910, Acc: 0.9784, Time: 3.6769, Step: 100
Loss: -0.7345, Acc: 0.9787, Time: 4.9912, Step: 150
Loss: -0.8218, Acc: 0.9821, Time: 6.7765, Step: 200
Loss: -0.3742, Acc: 0.9524, Time: 7.7948, Step: 250
Loss: -1.0000, Acc: 1.0000, Time: 9.2605, Step: 300
valid - Epoch 7, Precision: 0.7794, Recall: 0.8697, F1: 0.8221
Loss: -0.8336, Acc: 1.0000, Time: 17.5998, Step: 50
Loss: -0.8117, Acc: 1.0000, Time: 32.8919, Step: 100
Loss: -0.0011, Acc: 0.8992, Time: 47.4238, Step: 150
Loss: -0.8335, Acc: 1.0000, Time: 63.9755, Step: 200
Loss: -0.7806, Acc: 0.9822, Time: 81.4681, Step: 250
Loss: -0.8253, Acc: 1.0000, Time: 98.1518, Step: 300
Loss: -0.8073, Acc: 0.9904, Time: 113.1409, Step: 350
Loss: -0.6256, Acc: 0.9820, Time: 129.9254, Step: 400
Loss: -0.8275, Acc: 0.9940, Time: 147.2983, Step: 450
Loss: -0.7840, Acc: 0.9435, Time: 163.2870, Step: 500
Loss: -0.8299, Acc: 1.0000, Time: 184.1434, Step: 550
Loss: -0.7222, Acc: 0.9346, Time: 200.2286, Step: 600
Loss: -0.8338, Acc: 1.0000, Time: 215.0712, Step: 650
Loss: -1.0000, Acc: 1.0000, Time: 230.8881, Step: 700
Loss: -0.8236, Acc: 1.0000, Time: 247.3772, Step: 750
Loss: -0.8045, Acc: 0.9864, Time: 268.8001, Step: 800
Loss: -0.7873, Acc: 0.9895, Time: 287.1466, Step: 841
train - Epoch 8, Precision: 0.7818, Recall: 0.8257, F1: 0.8031
Loss: -0.7774, Acc: 0.9882, Time: 5.1830, Step: 50
Loss: -0.5783, Acc: 0.9762, Time: 14.3024, Step: 100
Loss: -1.0000, Acc: 1.0000, Time: 16.1866, Step: 150
Loss: -0.8334, Acc: 1.0000, Time: 17.6224, Step: 200
Loss: -0.8234, Acc: 0.9928, Time: 19.0489, Step: 250
Loss: -1.0000, Acc: 1.0000, Time: 21.2401, Step: 300
Loss: -0.9937, Acc: 1.0000, Time: 22.8329, Step: 350
Loss: -0.9987, Acc: 1.0000, Time: 22.8483, Step: 352
test - Epoch 8, Precision: 0.7894, Recall: 0.8234, F1: 0.8060
Loss: -0.8180, Acc: 1.0000, Time: 2.1886, Step: 50
Loss: -0.7707, Acc: 0.9784, Time: 4.4755, Step: 100
Loss: -0.7412, Acc: 0.9787, Time: 6.0180, Step: 150
Loss: -0.8198, Acc: 0.9821, Time: 8.6351, Step: 200
Loss: -0.3097, Acc: 0.9238, Time: 9.7337, Step: 250
Loss: -1.0000, Acc: 1.0000, Time: 11.2832, Step: 300
valid - Epoch 8, Precision: 0.7938, Recall: 0.9066, F1: 0.8465
Model saved in path: ./checkpoints/model.ckpt
